2021-08-09 12:26:47 info: Listening on port 8080
2021-08-09 12:27:04 info: Listening on port 8888
2021-08-09 12:28:07 error: Error: Can't add new command when connection is in closed state
    at Connection._addCommandClosedState (D:\vscode-projects\react-practices\07.integration\app01.emaillist\backend\node_modules\mysql2\lib\connection.js:137:17)
    at Connection.end (D:\vscode-projects\react-practices\07.integration\app01.emaillist\backend\node_modules\mysql2\lib\connection.js:819:26)
    at Object.findAll (D:\vscode-projects\react-practices\07.integration\app01.emaillist\backend\models\emaillist.js:15:18)
    at processTicksAndRejections (node:internal/process/task_queues:96:5)
    at async readAll (D:\vscode-projects\react-practices\07.integration\app01.emaillist\backend\controllers\emaillist.js:6:29)
2021-08-09 12:29:40 info: Listening on port 8888
2021-08-09 12:29:52 info: Listening on port 8888
2021-08-09 12:43:37 info: Listening on port 8888
2021-08-09 12:46:54 info: Listening on port 8888
2021-08-09 12:46:56 info: Listening on port 8888
2021-08-09 12:47:32 info: Listening on port 8888
2021-08-09 12:48:01 info: Listening on port 8888
2021-08-09 12:48:52 info: Listening on port 8888
2021-08-09 12:49:29 info: Listening on port 8888
2021-08-09 12:50:08 info: Listening on port 8888
2021-08-09 12:51:10 info: Listening on port 8888
2021-08-09 14:01:34 info: Listening on port 8888
2021-08-09 14:05:52 info: Listening on port 8888
2021-08-09 14:05:58 info: Listening on port 8888
2021-08-09 14:06:01 info: Listening on port 8888
2021-08-09 14:06:02 info: Listening on port 8888
2021-08-09 14:06:36 info: Listening on port 8888
2021-08-09 14:06:45 info: Listening on port 8888
2021-08-09 14:06:47 info: Listening on port 8888
2021-08-09 14:07:04 info: Listening on port 8888
2021-08-09 14:07:57 info: Listening on port 8888
2021-08-09 14:08:12 info: Listening on port 8888
2021-08-09 14:08:49 info: Listening on port 8888
2021-08-09 14:08:50 info: Listening on port 8888
2021-08-09 14:08:53 info: Listening on port 8888
2021-08-09 14:08:56 info: Listening on port 8888
2021-08-09 14:08:59 info: Listening on port 8888
2021-08-09 14:09:04 info: Listening on port 8888
2021-08-09 14:09:27 info: Listening on port 8888
2021-08-09 14:09:35 info: Listening on port 8888
2021-08-09 14:18:15 info: Listening on port 8888
2021-08-09 14:19:12 info: Listening on port 8888
2021-08-09 14:20:13 info: Listening on port 8888
2021-08-09 15:20:17 info: Listening on port 8888
2021-08-09 15:21:12 info: Listening on port 8888
2021-08-09 15:28:59 info: Listening on port 8888
2021-08-09 15:42:21 info: Listening on port 8888
2021-08-09 16:06:31 info: Listening on port 8888
2021-08-09 16:06:58 info: Listening on port 8888
